[debug] [2023-02-12T10:26:04.348Z] ----------------------------------------------------------------------
[debug] [2023-02-12T10:26:04.349Z] Command:       C:\Program Files\nodejs\node.exe C:\Users\suraj\AppData\Roaming\npm\node_modules\firebase-tools\lib\bin\firebase.js init
[debug] [2023-02-12T10:26:04.350Z] CLI Version:   11.22.0
[debug] [2023-02-12T10:26:04.350Z] Platform:      win32
[debug] [2023-02-12T10:26:04.350Z] Node Version:  v16.13.1
[debug] [2023-02-12T10:26:04.351Z] Time:          Sun Feb 12 2023 15:56:04 GMT+0530 (India Standard Time)
[debug] [2023-02-12T10:26:04.351Z] ----------------------------------------------------------------------
[debug] 
[debug] [2023-02-12T10:26:04.361Z] > command requires scopes: ["email","openid","https://www.googleapis.com/auth/cloudplatformprojects.readonly","https://www.googleapis.com/auth/firebase","https://www.googleapis.com/auth/cloud-platform"]
[debug] [2023-02-12T10:26:04.362Z] > authorizing via signed-in user (zerohackathon@gmail.com)
[info] 
     ######## #### ########  ######## ########     ###     ######  ########
     ##        ##  ##     ## ##       ##     ##  ##   ##  ##       ##
     ######    ##  ########  ######   ########  #########  ######  ######
     ##        ##  ##    ##  ##       ##     ## ##     ##       ## ##
     ##       #### ##     ## ######## ########  ##     ##  ######  ########

You're about to initialize a Firebase project in this directory:

  C:\Users\suraj\OneDrive\Documents\Development\hackathon---zero1

[info] 
=== Project Setup
[info] 
[info] First, let's associate this project directory with a Firebase project.
[info] You can create multiple project aliases by running firebase use --add, 
[info] but for now we'll just set up a default project.
[info] 
[debug] [2023-02-12T10:26:23.862Z] >>> [apiv2][query] GET https://firebase.googleapis.com/v1beta1/projects pageSize=100
[debug] [2023-02-12T10:26:24.664Z] <<< [apiv2][status] GET https://firebase.googleapis.com/v1beta1/projects 200
[debug] [2023-02-12T10:26:24.665Z] <<< [apiv2][body] GET https://firebase.googleapis.com/v1beta1/projects [omitted]
[info] i  Using project zero-e88be (zero) 
[info] 
=== Hosting Setup
[info] 
[info] Your public directory is the folder (relative to your project directory) that
[info] will contain Hosting assets to be uploaded with firebase deploy. If you
[info] have a build process for your assets, use your build's output directory.
[info] 
